# JRE version: Java(TM) SE Runtime Environment (8.0_191-b12) (build 1.8.0_191-b12)
# Java VM: Java HotSpot(TM) 64-Bit Server VM (25.191-b12 mixed mode windows-amd64 compressed oops)
Heap:
 PSYoungGen      total 241664K, used 114337K [0x00000000d6200000, 0x00000000e6a00000, 0x0000000100000000)
  eden space 226816K, 43% used [0x00000000d6200000,0x00000000dc328740,0x00000000e3f80000)
  from space 14848K, 99% used [0x00000000e5b80000,0x00000000e69ffce8,0x00000000e6a00000)
  to   space 16896K, 0% used [0x00000000e4900000,0x00000000e4900000,0x00000000e5980000)
 ParOldGen       total 85504K, used 17795K [0x0000000082600000, 0x0000000087980000, 0x00000000d6200000)
  object space 85504K, 20% used [0x0000000082600000,0x0000000083760e68,0x0000000087980000)
 Metaspace       used 49822K, capacity 52244K, committed 52480K, reserved 1093632K
  class space    used 7003K, capacity 7424K, committed 7424K, reserved 1048576K
GC Heap History (10 events):
Event: 2.445 GC heap before
{Heap before GC invocations=8 (full 1):
 PSYoungGen      total 116224K, used 115808K [0x00000000d6200000, 0x00000000df000000, 0x0000000100000000)
  eden space 110080K, 100% used [0x00000000d6200000,0x00000000dcd80000,0x00000000dcd80000)
  from space 6144K, 93% used [0x00000000dea00000,0x00000000def98250,0x00000000df000000)
  to   space 8192K, 0% used [0x00000000de000000,0x00000000de000000,0x00000000de800000)
 ParOldGen       total 51200K, used 6457K [0x0000000082600000, 0x0000000085800000, 0x00000000d6200000)
  object space 51200K, 12% used [0x0000000082600000,0x0000000082c4e448,0x0000000085800000)
 Metaspace       used 27216K, capacity 28190K, committed 28416K, reserved 1073152K
  class space    used 3755K, capacity 3986K, committed 4096K, reserved 1048576K
Event: 2.453 GC heap after
Heap after GC invocations=8 (full 1):
 PSYoungGen      total 137216K, used 8187K [0x00000000d6200000, 0x00000000e2680000, 0x0000000100000000)
  eden space 129024K, 0% used [0x00000000d6200000,0x00000000d6200000,0x00000000de000000)
  from space 8192K, 99% used [0x00000000de000000,0x00000000de7fed98,0x00000000de800000)
  to   space 10240K, 0% used [0x00000000e1c80000,0x00000000e1c80000,0x00000000e2680000)
 ParOldGen       total 51200K, used 9275K [0x0000000082600000, 0x0000000085800000, 0x00000000d6200000)
  object space 51200K, 18% used [0x0000000082600000,0x0000000082f0ed00,0x0000000085800000)
 Metaspace       used 27216K, capacity 28190K, committed 28416K, reserved 1073152K
  class space    used 3755K, capacity 3986K, committed 4096K, reserved 1048576K
}
Event: 3.168 GC heap before
{Heap before GC invocations=9 (full 1):
 PSYoungGen      total 137216K, used 137211K [0x00000000d6200000, 0x00000000e2680000, 0x0000000100000000)
  eden space 129024K, 100% used [0x00000000d6200000,0x00000000de000000,0x00000000de000000)
  from space 8192K, 99% used [0x00000000de000000,0x00000000de7fed98,0x00000000de800000)
  to   space 10240K, 0% used [0x00000000e1c80000,0x00000000e1c80000,0x00000000e2680000)
 ParOldGen       total 51200K, used 9275K [0x0000000082600000, 0x0000000085800000, 0x00000000d6200000)
  object space 51200K, 18% used [0x0000000082600000,0x0000000082f0ed00,0x0000000085800000)
 Metaspace       used 32811K, capacity 34484K, committed 34688K, reserved 1079296K
  class space    used 4514K, capacity 4867K, committed 4992K, reserved 1048576K
Event: 3.181 GC heap after
Heap after GC invocations=9 (full 1):
 PSYoungGen      total 186368K, used 10233K [0x00000000d6200000, 0x00000000e4b00000, 0x0000000100000000)
  eden space 176128K, 0% used [0x00000000d6200000,0x00000000d6200000,0x00000000e0e00000)
  from space 10240K, 99% used [0x00000000e1c80000,0x00000000e267e608,0x00000000e2680000)
  to   space 14848K, 0% used [0x00000000e0e00000,0x00000000e0e00000,0x00000000e1c80000)
 ParOldGen       total 51200K, used 16747K [0x0000000082600000, 0x0000000085800000, 0x00000000d6200000)
  object space 51200K, 32% used [0x0000000082600000,0x000000008365ac40,0x0000000085800000)
 Metaspace       used 32811K, capacity 34484K, committed 34688K, reserved 1079296K
  class space    used 4514K, capacity 4867K, committed 4992K, reserved 1048576K
}
Event: 3.527 GC heap before
{Heap before GC invocations=10 (full 1):
 PSYoungGen      total 186368K, used 40343K [0x00000000d6200000, 0x00000000e4b00000, 0x0000000100000000)
  eden space 176128K, 17% used [0x00000000d6200000,0x00000000d7f67660,0x00000000e0e00000)
  from space 10240K, 99% used [0x00000000e1c80000,0x00000000e267e608,0x00000000e2680000)
  to   space 14848K, 0% used [0x00000000e0e00000,0x00000000e0e00000,0x00000000e1c80000)
 ParOldGen       total 51200K, used 16747K [0x0000000082600000, 0x0000000085800000, 0x00000000d6200000)
  object space 51200K, 32% used [0x0000000082600000,0x000000008365ac40,0x0000000085800000)
 Metaspace       used 33717K, capacity 35410K, committed 35456K, reserved 1079296K
  class space    used 4646K, capacity 4990K, committed 4992K, reserved 1048576K
Event: 3.534 GC heap after
Heap after GC invocations=10 (full 1):
 PSYoungGen      total 190976K, used 9834K [0x00000000d6200000, 0x00000000e6a00000, 0x0000000100000000)
  eden space 176128K, 0% used [0x00000000d6200000,0x00000000d6200000,0x00000000e0e00000)
  from space 14848K, 66% used [0x00000000e0e00000,0x00000000e179ab30,0x00000000e1c80000)
  to   space 14848K, 0% used [0x00000000e5b80000,0x00000000e5b80000,0x00000000e6a00000)
 ParOldGen       total 51200K, used 18433K [0x0000000082600000, 0x0000000085800000, 0x00000000d6200000)
  object space 51200K, 36% used [0x0000000082600000,0x00000000838004a8,0x0000000085800000)
 Metaspace       used 33717K, capacity 35410K, committed 35456K, reserved 1079296K
  class space    used 4646K, capacity 4990K, committed 4992K, reserved 1048576K
}
Event: 3.534 GC heap before
{Heap before GC invocations=11 (full 2):
 PSYoungGen      total 190976K, used 9834K [0x00000000d6200000, 0x00000000e6a00000, 0x0000000100000000)
  eden space 176128K, 0% used [0x00000000d6200000,0x00000000d6200000,0x00000000e0e00000)
  from space 14848K, 66% used [0x00000000e0e00000,0x00000000e179ab30,0x00000000e1c80000)
  to   space 14848K, 0% used [0x00000000e5b80000,0x00000000e5b80000,0x00000000e6a00000)
 ParOldGen       total 51200K, used 18433K [0x0000000082600000, 0x0000000085800000, 0x00000000d6200000)
  object space 51200K, 36% used [0x0000000082600000,0x00000000838004a8,0x0000000085800000)
 Metaspace       used 33717K, capacity 35410K, committed 35456K, reserved 1079296K
  class space    used 4646K, capacity 4990K, committed 4992K, reserved 1048576K
Event: 3.601 GC heap after
Heap after GC invocations=11 (full 2):
 PSYoungGen      total 190976K, used 0K [0x00000000d6200000, 0x00000000e6a00000, 0x0000000100000000)
  eden space 176128K, 0% used [0x00000000d6200000,0x00000000d6200000,0x00000000e0e00000)
  from space 14848K, 0% used [0x00000000e0e00000,0x00000000e0e00000,0x00000000e1c80000)
  to   space 14848K, 0% used [0x00000000e5b80000,0x00000000e5b80000,0x00000000e6a00000)
 ParOldGen       total 85504K, used 17537K [0x0000000082600000, 0x0000000087980000, 0x00000000d6200000)
  object space 85504K, 20% used [0x0000000082600000,0x0000000083720730,0x0000000087980000)
 Metaspace       used 33717K, capacity 35410K, committed 35456K, reserved 1079296K
  class space    used 4646K, capacity 4990K, committed 4992K, reserved 1048576K
}
Event: 5.090 GC heap before
{Heap before GC invocations=12 (full 2):
 PSYoungGen      total 190976K, used 176128K [0x00000000d6200000, 0x00000000e6a00000, 0x0000000100000000)
  eden space 176128K, 100% used [0x00000000d6200000,0x00000000e0e00000,0x00000000e0e00000)
  from space 14848K, 0% used [0x00000000e0e00000,0x00000000e0e00000,0x00000000e1c80000)
  to   space 14848K, 0% used [0x00000000e5b80000,0x00000000e5b80000,0x00000000e6a00000)
 ParOldGen       total 85504K, used 17537K [0x0000000082600000, 0x0000000087980000, 0x00000000d6200000)
  object space 85504K, 20% used [0x0000000082600000,0x0000000083720730,0x0000000087980000)
 Metaspace       used 45141K, capacity 47364K, committed 47488K, reserved 1089536K
  class space    used 6355K, capacity 6762K, committed 6784K, reserved 1048576K
Event: 5.105 GC heap after
Heap after GC invocations=12 (full 2):
 PSYoungGen      total 241664K, used 14847K [0x00000000d6200000, 0x00000000e6a00000, 0x0000000100000000)
  eden space 226816K, 0% used [0x00000000d6200000,0x00000000d6200000,0x00000000e3f80000)
  from space 14848K, 99% used [0x00000000e5b80000,0x00000000e69ffce8,0x00000000e6a00000)
  to   space 16896K, 0% used [0x00000000e4900000,0x00000000e4900000,0x00000000e5980000)
 ParOldGen       total 85504K, used 17795K [0x0000000082600000, 0x0000000087980000, 0x00000000d6200000)
  object space 85504K, 20% used [0x0000000082600000,0x0000000083760e68,0x0000000087980000)
 Metaspace       used 45141K, capacity 47364K, committed 47488K, reserved 1089536K
  class space    used 6355K, capacity 6762K, committed 6784K, reserved 1048576K
}

